2025-02-20 23:10:16 error: [Cake\Http\Exception\MissingControllerException] Controller class `Articles.php` could not be found. in C:\xampp\htdocs\cakephp\vendor\cakephp\cakephp\src\Controller\ControllerFactory.php on line 335
Exception Attributes: array (
  'controller' => 'Articles.php',
  'plugin' => NULL,
  'prefix' => NULL,
  '_ext' => NULL,
)
Stack Trace:
- CORE\src\Controller\ControllerFactory.php:320
- CORE\src\Controller\ControllerFactory.php:75
- CORE\src\Http\BaseApplication.php:360
- CORE\src\Http\Runner.php:86
- CORE\src\Http\Middleware\CsrfProtectionMiddleware.php:169
- CORE\src\Http\Runner.php:82
- CORE\src\Http\Middleware\BodyParserMiddleware.php:157
- CORE\src\Http\Runner.php:82
- CORE\src\Routing\Middleware\RoutingMiddleware.php:118
- CORE\src\Http\Runner.php:82
- CORE\src\Routing\Middleware\AssetMiddleware.php:78
- CORE\src\Http\Runner.php:82
- CORE\src\Error\Middleware\ErrorHandlerMiddleware.php:115
- CORE\src\Http\Runner.php:82
- ROOT\vendor\cakephp\debug_kit\src\Middleware\DebugKitMiddleware.php:60
- CORE\src\Http\Runner.php:82
- CORE\src\Http\Runner.php:60
- CORE\src\Http\Server.php:104
- ROOT\webroot\index.php:37
- [main]:

Request URL: /articles.php
2025-02-20 23:36:06 error: [Cake\Http\Exception\MissingControllerException] Controller class `Articles.php` could not be found. in C:\xampp\htdocs\cakephp\vendor\cakephp\cakephp\src\Controller\ControllerFactory.php on line 335
Exception Attributes: array (
  'controller' => 'Articles.php',
  'plugin' => NULL,
  'prefix' => NULL,
  '_ext' => NULL,
)
Stack Trace:
- CORE\src\Controller\ControllerFactory.php:320
- CORE\src\Controller\ControllerFactory.php:75
- CORE\src\Http\BaseApplication.php:360
- CORE\src\Http\Runner.php:86
- CORE\src\Http\Middleware\CsrfProtectionMiddleware.php:169
- CORE\src\Http\Runner.php:82
- CORE\src\Http\Middleware\BodyParserMiddleware.php:157
- CORE\src\Http\Runner.php:82
- CORE\src\Routing\Middleware\RoutingMiddleware.php:118
- CORE\src\Http\Runner.php:82
- CORE\src\Routing\Middleware\AssetMiddleware.php:78
- CORE\src\Http\Runner.php:82
- CORE\src\Error\Middleware\ErrorHandlerMiddleware.php:115
- CORE\src\Http\Runner.php:82
- ROOT\vendor\cakephp\debug_kit\src\Middleware\DebugKitMiddleware.php:60
- CORE\src\Http\Runner.php:82
- CORE\src\Http\Runner.php:60
- CORE\src\Http\Server.php:104
- ROOT\webroot\index.php:37
- [main]:

Request URL: /articles.php
2025-02-20 23:41:38 error: [Cake\Http\Exception\MissingControllerException] Controller class `Articles.php` could not be found. in C:\xampp\htdocs\cakephp\vendor\cakephp\cakephp\src\Controller\ControllerFactory.php on line 335
Exception Attributes: array (
  'controller' => 'Articles.php',
  'plugin' => NULL,
  'prefix' => NULL,
  '_ext' => NULL,
)
Stack Trace:
- CORE\src\Controller\ControllerFactory.php:320
- CORE\src\Controller\ControllerFactory.php:75
- CORE\src\Http\BaseApplication.php:360
- CORE\src\Http\Runner.php:86
- CORE\src\Http\Middleware\CsrfProtectionMiddleware.php:169
- CORE\src\Http\Runner.php:82
- CORE\src\Http\Middleware\BodyParserMiddleware.php:157
- CORE\src\Http\Runner.php:82
- CORE\src\Routing\Middleware\RoutingMiddleware.php:118
- CORE\src\Http\Runner.php:82
- CORE\src\Routing\Middleware\AssetMiddleware.php:78
- CORE\src\Http\Runner.php:82
- CORE\src\Error\Middleware\ErrorHandlerMiddleware.php:115
- CORE\src\Http\Runner.php:82
- ROOT\vendor\cakephp\debug_kit\src\Middleware\DebugKitMiddleware.php:60
- CORE\src\Http\Runner.php:82
- CORE\src\Http\Runner.php:60
- CORE\src\Http\Server.php:104
- ROOT\webroot\index.php:37
- [main]:

Request URL: /articles.php
2025-02-20 23:41:40 error: [Cake\Http\Exception\MissingControllerException] Controller class `Articles.php` could not be found. in C:\xampp\htdocs\cakephp\vendor\cakephp\cakephp\src\Controller\ControllerFactory.php on line 335
Exception Attributes: array (
  'controller' => 'Articles.php',
  'plugin' => NULL,
  'prefix' => NULL,
  '_ext' => NULL,
)
Stack Trace:
- CORE\src\Controller\ControllerFactory.php:320
- CORE\src\Controller\ControllerFactory.php:75
- CORE\src\Http\BaseApplication.php:360
- CORE\src\Http\Runner.php:86
- CORE\src\Http\Middleware\CsrfProtectionMiddleware.php:169
- CORE\src\Http\Runner.php:82
- CORE\src\Http\Middleware\BodyParserMiddleware.php:157
- CORE\src\Http\Runner.php:82
- CORE\src\Routing\Middleware\RoutingMiddleware.php:118
- CORE\src\Http\Runner.php:82
- CORE\src\Routing\Middleware\AssetMiddleware.php:78
- CORE\src\Http\Runner.php:82
- CORE\src\Error\Middleware\ErrorHandlerMiddleware.php:115
- CORE\src\Http\Runner.php:82
- ROOT\vendor\cakephp\debug_kit\src\Middleware\DebugKitMiddleware.php:60
- CORE\src\Http\Runner.php:82
- CORE\src\Http\Runner.php:60
- CORE\src\Http\Server.php:104
- ROOT\webroot\index.php:37
- [main]:

Request URL: /articles.php
2025-02-20 23:41:41 error: [Cake\Http\Exception\MissingControllerException] Controller class `Articles.php` could not be found. in C:\xampp\htdocs\cakephp\vendor\cakephp\cakephp\src\Controller\ControllerFactory.php on line 335
Exception Attributes: array (
  'controller' => 'Articles.php',
  'plugin' => NULL,
  'prefix' => NULL,
  '_ext' => NULL,
)
Stack Trace:
- CORE\src\Controller\ControllerFactory.php:320
- CORE\src\Controller\ControllerFactory.php:75
- CORE\src\Http\BaseApplication.php:360
- CORE\src\Http\Runner.php:86
- CORE\src\Http\Middleware\CsrfProtectionMiddleware.php:169
- CORE\src\Http\Runner.php:82
- CORE\src\Http\Middleware\BodyParserMiddleware.php:157
- CORE\src\Http\Runner.php:82
- CORE\src\Routing\Middleware\RoutingMiddleware.php:118
- CORE\src\Http\Runner.php:82
- CORE\src\Routing\Middleware\AssetMiddleware.php:78
- CORE\src\Http\Runner.php:82
- CORE\src\Error\Middleware\ErrorHandlerMiddleware.php:115
- CORE\src\Http\Runner.php:82
- ROOT\vendor\cakephp\debug_kit\src\Middleware\DebugKitMiddleware.php:60
- CORE\src\Http\Runner.php:82
- CORE\src\Http\Runner.php:60
- CORE\src\Http\Server.php:104
- ROOT\webroot\index.php:37
- [main]:

Request URL: /articles.php
